f:\visual_studio_project\yarn-cloth-sim\yarn-cloth-sim\yarn-cloth-sim\x64\release\vc141.pdb
f:\visual_studio_project\yarn-cloth-sim\yarn-cloth-sim\yarn-cloth-sim\x64\release\utility.obj
f:\visual_studio_project\yarn-cloth-sim\yarn-cloth-sim\yarn-cloth-sim\x64\release\stretch.obj
f:\visual_studio_project\yarn-cloth-sim\yarn-cloth-sim\yarn-cloth-sim\x64\release\shear.obj
f:\visual_studio_project\yarn-cloth-sim\yarn-cloth-sim\yarn-cloth-sim\x64\release\parallel_contact.obj
f:\visual_studio_project\yarn-cloth-sim\yarn-cloth-sim\yarn-cloth-sim\x64\release\node.obj
f:\visual_studio_project\yarn-cloth-sim\yarn-cloth-sim\yarn-cloth-sim\x64\release\quadprogmosek.obj
f:\visual_studio_project\yarn-cloth-sim\yarn-cloth-sim\yarn-cloth-sim\x64\release\main.obj
f:\visual_studio_project\yarn-cloth-sim\yarn-cloth-sim\yarn-cloth-sim\x64\release\cloth.obj
f:\visual_studio_project\yarn-cloth-sim\yarn-cloth-sim\yarn-cloth-sim\x64\release\bend.obj
f:\visual_studio_project\yarn-cloth-sim\yarn-cloth-sim\x64\release\yarn-cloth-sim.exe
f:\visual_studio_project\yarn-cloth-sim\yarn-cloth-sim\x64\release\yarn-cloth-sim.pdb
f:\visual_studio_project\yarn-cloth-sim\yarn-cloth-sim\x64\release\yarn-cloth-sim.ipdb
f:\visual_studio_project\yarn-cloth-sim\yarn-cloth-sim\x64\release\yarn-cloth-sim.iobj
f:\visual_studio_project\yarn-cloth-sim\yarn-cloth-sim\yarn-cloth-sim\x64\release\yarn-cloth-sim.tlog\cl.command.1.tlog
f:\visual_studio_project\yarn-cloth-sim\yarn-cloth-sim\yarn-cloth-sim\x64\release\yarn-cloth-sim.tlog\cl.read.1.tlog
f:\visual_studio_project\yarn-cloth-sim\yarn-cloth-sim\yarn-cloth-sim\x64\release\yarn-cloth-sim.tlog\cl.write.1.tlog
f:\visual_studio_project\yarn-cloth-sim\yarn-cloth-sim\yarn-cloth-sim\x64\release\yarn-cloth-sim.tlog\link.command.1.tlog
f:\visual_studio_project\yarn-cloth-sim\yarn-cloth-sim\yarn-cloth-sim\x64\release\yarn-cloth-sim.tlog\link.read.1.tlog
f:\visual_studio_project\yarn-cloth-sim\yarn-cloth-sim\yarn-cloth-sim\x64\release\yarn-cloth-sim.tlog\link.write.1.tlog
f:\visual_studio_project\yarn-cloth-sim\yarn-cloth-sim\yarn-cloth-sim\x64\release\yarn-cloth-sim.tlog\yarn-cloth-sim.write.1u.tlog
